# JRE version: OpenJDK Runtime Environment (8.0_152-b01) (build 1.8.0_152-release-915-b01)
# Java VM: OpenJDK 64-Bit Server VM (25.152-b01 mixed mode windows-amd64 compressed oops)
Heap:
 PSYoungGen      total 150016K, used 23355K [0x00000000e0000000, 0x00000000ec880000, 0x0000000100000000)
  eden space 117760K, 0% used [0x00000000e0000000,0x00000000e0000000,0x00000000e7300000)
  from space 32256K, 72% used [0x00000000e7300000,0x00000000e89cef28,0x00000000e9280000)
  to   space 33280K, 0% used [0x00000000ea800000,0x00000000ea800000,0x00000000ec880000)
 ParOldGen       total 131584K, used 95174K [0x00000000a0000000, 0x00000000a8080000, 0x00000000e0000000)
  object space 131584K, 72% used [0x00000000a0000000,0x00000000a5cf18e8,0x00000000a8080000)
 Metaspace       used 87724K, capacity 98158K, committed 98324K, reserved 1134592K
  class space    used 11147K, capacity 13793K, committed 13844K, reserved 1048576K
GC Heap History (10 events):
Event: 12881.397 GC heap after
Heap after GC invocations=78 (full 3):
 PSYoungGen      total 146944K, used 14189K [0x00000000e0000000, 0x00000000eb780000, 0x0000000100000000)
  eden space 115200K, 0% used [0x00000000e0000000,0x00000000e0000000,0x00000000e7080000)
  from space 31744K, 44% used [0x00000000e7080000,0x00000000e7e5b728,0x00000000e8f80000)
  to   space 30720K, 0% used [0x00000000e9980000,0x00000000e9980000,0x00000000eb780000)
 ParOldGen       total 131584K, used 94014K [0x00000000a0000000, 0x00000000a8080000, 0x00000000e0000000)
  object space 131584K, 71% used [0x00000000a0000000,0x00000000a5bcf8c8,0x00000000a8080000)
 Metaspace       used 86546K, capacity 96818K, committed 97044K, reserved 1132544K
  class space    used 11020K, capacity 13577K, committed 13588K, reserved 1048576K
}
Event: 16161.872 GC heap before
{Heap before GC invocations=79 (full 3):
 PSYoungGen      total 146944K, used 129389K [0x00000000e0000000, 0x00000000eb780000, 0x0000000100000000)
  eden space 115200K, 100% used [0x00000000e0000000,0x00000000e7080000,0x00000000e7080000)
  from space 31744K, 44% used [0x00000000e7080000,0x00000000e7e5b728,0x00000000e8f80000)
  to   space 30720K, 0% used [0x00000000e9980000,0x00000000e9980000,0x00000000eb780000)
 ParOldGen       total 131584K, used 94014K [0x00000000a0000000, 0x00000000a8080000, 0x00000000e0000000)
  object space 131584K, 71% used [0x00000000a0000000,0x00000000a5bcf8c8,0x00000000a8080000)
 Metaspace       used 86608K, capacity 96938K, committed 97172K, reserved 1132544K
  class space    used 11032K, capacity 13617K, committed 13716K, reserved 1048576K
Event: 16161.900 GC heap after
Heap after GC invocations=79 (full 3):
 PSYoungGen      total 155136K, used 4669K [0x00000000e0000000, 0x00000000eb700000, 0x0000000100000000)
  eden space 124928K, 0% used [0x00000000e0000000,0x00000000e0000000,0x00000000e7a00000)
  from space 30208K, 15% used [0x00000000e9980000,0x00000000e9e0f660,0x00000000eb700000)
  to   space 31232K, 0% used [0x00000000e7a00000,0x00000000e7a00000,0x00000000e9880000)
 ParOldGen       total 131584K, used 95158K [0x00000000a0000000, 0x00000000a8080000, 0x00000000e0000000)
  object space 131584K, 72% used [0x00000000a0000000,0x00000000a5ced8e8,0x00000000a8080000)
 Metaspace       used 86608K, capacity 96938K, committed 97172K, reserved 1132544K
  class space    used 11032K, capacity 13617K, committed 13716K, reserved 1048576K
}
Event: 16557.440 GC heap before
{Heap before GC invocations=80 (full 3):
 PSYoungGen      total 155136K, used 129597K [0x00000000e0000000, 0x00000000eb700000, 0x0000000100000000)
  eden space 124928K, 100% used [0x00000000e0000000,0x00000000e7a00000,0x00000000e7a00000)
  from space 30208K, 15% used [0x00000000e9980000,0x00000000e9e0f660,0x00000000eb700000)
  to   space 31232K, 0% used [0x00000000e7a00000,0x00000000e7a00000,0x00000000e9880000)
 ParOldGen       total 131584K, used 95158K [0x00000000a0000000, 0x00000000a8080000, 0x00000000e0000000)
  object space 131584K, 72% used [0x00000000a0000000,0x00000000a5ced8e8,0x00000000a8080000)
 Metaspace       used 86835K, capacity 97254K, committed 97428K, reserved 1132544K
  class space    used 11066K, capacity 13679K, committed 13716K, reserved 1048576K
Event: 16557.473 GC heap after
Heap after GC invocations=80 (full 3):
 PSYoungGen      total 130048K, used 8216K [0x00000000e0000000, 0x00000000eb280000, 0x0000000100000000)
  eden space 121344K, 0% used [0x00000000e0000000,0x00000000e0000000,0x00000000e7680000)
  from space 8704K, 94% used [0x00000000e7a00000,0x00000000e8206378,0x00000000e8280000)
  to   space 30720K, 0% used [0x00000000e9480000,0x00000000e9480000,0x00000000eb280000)
 ParOldGen       total 131584K, used 95166K [0x00000000a0000000, 0x00000000a8080000, 0x00000000e0000000)
  object space 131584K, 72% used [0x00000000a0000000,0x00000000a5cef8e8,0x00000000a8080000)
 Metaspace       used 86835K, capacity 97254K, committed 97428K, reserved 1132544K
  class space    used 11066K, capacity 13679K, committed 13716K, reserved 1048576K
}
Event: 16570.541 GC heap before
{Heap before GC invocations=81 (full 3):
 PSYoungGen      total 130048K, used 129560K [0x00000000e0000000, 0x00000000eb280000, 0x0000000100000000)
  eden space 121344K, 100% used [0x00000000e0000000,0x00000000e7680000,0x00000000e7680000)
  from space 8704K, 94% used [0x00000000e7a00000,0x00000000e8206378,0x00000000e8280000)
  to   space 30720K, 0% used [0x00000000e9480000,0x00000000e9480000,0x00000000eb280000)
 ParOldGen       total 131584K, used 95166K [0x00000000a0000000, 0x00000000a8080000, 0x00000000e0000000)
  object space 131584K, 72% used [0x00000000a0000000,0x00000000a5cef8e8,0x00000000a8080000)
 Metaspace       used 87515K, capacity 97932K, committed 98068K, reserved 1134592K
  class space    used 11129K, capacity 13760K, committed 13844K, reserved 1048576K
Event: 16570.605 GC heap after
Heap after GC invocations=81 (full 3):
 PSYoungGen      total 147968K, used 22523K [0x00000000e0000000, 0x00000000eb200000, 0x0000000100000000)
  eden space 117760K, 0% used [0x00000000e0000000,0x00000000e0000000,0x00000000e7300000)
  from space 30208K, 74% used [0x00000000e9480000,0x00000000eaa7ef28,0x00000000eb200000)
  to   space 32256K, 0% used [0x00000000e7300000,0x00000000e7300000,0x00000000e9280000)
 ParOldGen       total 131584K, used 95174K [0x00000000a0000000, 0x00000000a8080000, 0x00000000e0000000)
  object space 131584K, 72% used [0x00000000a0000000,0x00000000a5cf18e8,0x00000000a8080000)
 Metaspace       used 87515K, capacity 97932K, committed 98068K, reserved 1134592K
  class space    used 11129K, capacity 13760K, committed 13844K, reserved 1048576K
}
Event: 16570.734 GC heap before
{Heap before GC invocations=82 (full 3):
 PSYoungGen      total 147968K, used 44782K [0x00000000e0000000, 0x00000000eb200000, 0x0000000100000000)
  eden space 117760K, 18% used [0x00000000e0000000,0x00000000e15bcc48,0x00000000e7300000)
  from space 30208K, 74% used [0x00000000e9480000,0x00000000eaa7ef28,0x00000000eb200000)
  to   space 32256K, 0% used [0x00000000e7300000,0x00000000e7300000,0x00000000e9280000)
 ParOldGen       total 131584K, used 95174K [0x00000000a0000000, 0x00000000a8080000, 0x00000000e0000000)
  object space 131584K, 72% used [0x00000000a0000000,0x00000000a5cf18e8,0x00000000a8080000)
 Metaspace       used 87724K, capacity 98158K, committed 98324K, reserved 1134592K
  class space    used 11147K, capacity 13793K, committed 13844K, reserved 1048576K
Event: 16570.837 GC heap after
Heap after GC invocations=82 (full 3):
 PSYoungGen      total 150016K, used 23355K [0x00000000e0000000, 0x00000000ec880000, 0x0000000100000000)
  eden space 117760K, 0% used [0x00000000e0000000,0x00000000e0000000,0x00000000e7300000)
  from space 32256K, 72% used [0x00000000e7300000,0x00000000e89cef28,0x00000000e9280000)
  to   space 33280K, 0% used [0x00000000ea800000,0x00000000ea800000,0x00000000ec880000)
 ParOldGen       total 131584K, used 95174K [0x00000000a0000000, 0x00000000a8080000, 0x00000000e0000000)
  object space 131584K, 72% used [0x00000000a0000000,0x00000000a5cf18e8,0x00000000a8080000)
 Metaspace       used 87724K, capacity 98158K, committed 98324K, reserved 1134592K
  class space    used 11147K, capacity 13793K, committed 13844K, reserved 1048576K
}
Event: 16570.837 GC heap before
{Heap before GC invocations=83 (full 4):
 PSYoungGen      total 150016K, used 23355K [0x00000000e0000000, 0x00000000ec880000, 0x0000000100000000)
  eden space 117760K, 0% used [0x00000000e0000000,0x00000000e0000000,0x00000000e7300000)
  from space 32256K, 72% used [0x00000000e7300000,0x00000000e89cef28,0x00000000e9280000)
  to   space 33280K, 0% used [0x00000000ea800000,0x00000000ea800000,0x00000000ec880000)
 ParOldGen       total 131584K, used 95174K [0x00000000a0000000, 0x00000000a8080000, 0x00000000e0000000)
  object space 131584K, 72% used [0x00000000a0000000,0x00000000a5cf18e8,0x00000000a8080000)
 Metaspace       used 87724K, capacity 98158K, committed 98324K, reserved 1134592K
  class space    used 11147K, capacity 13793K, committed 13844K, reserved 1048576K

